0 ohm/0402          R10                 RES_0402            000     000     0
0 ohm/0402          R11                 RES_0402            000     000     0
0 ohm/0402          R12                 RES_0402            000     000     0
0 ohm/0402          R13                 RES_0402            000     000     0
0 ohm/0402          R14                 RES_0402            000     000     0
0 ohm/0402          R15                 RES_0402            000     000     0
0 ohm/0402          R16                 RES_0402            000     000     0
0 ohm/0402          R8                  RES_0402            000     000     0
0 ohm/0402          R9                  RES_0402            000     000     0
0.1uF /0402         C112                CAPC1005X70N        000     000     0
0.1uF /0402         C113                CAPC1005X70N        000     000     0
0.1uF /0402         C114                CAPC1005X70N        000     000     0
0.1uF /0402         C115                CAPC1005X70N        000     000     0
0.22uF /10V/ 0201   C102                GRM033D70J224ME01D  000     000     0
0.22uF /10V/ 0201   C103                GRM033D70J224ME01D  000     000     0
0.22uF /10V/ 0201   C104                GRM033D70J224ME01D  000     000     0
0.22uF /10V/ 0201   C105                GRM033D70J224ME01D  000     000     0
0.22uF /10V/ 0201   C11                 GRM033D70J224ME01D  000     000     0
0.22uF /10V/ 0201   C12                 GRM033D70J224ME01D  000     000     0
0.22uF /10V/ 0201   C13                 GRM033D70J224ME01D  000     000     0
0.22uF /10V/ 0201   C2                  GRM033D70J224ME01D  000     000     0
0.22uF /10V/ 0201   C20                 GRM033D70J224ME01D  000     000     0
0.22uF /10V/ 0201   C21                 GRM033D70J224ME01D  000     000     0
0.22uF /10V/ 0201   C22                 GRM033D70J224ME01D  000     000     0
0.22uF /10V/ 0201   C3                  GRM033D70J224ME01D  000     000     0
0.22uF /10V/ 0201   C30                 GRM033D70J224ME01D  000     000     0
0.22uF /10V/ 0201   C31                 GRM033D70J224ME01D  000     000     0
0.22uF /10V/ 0201   C32                 GRM033D70J224ME01D  000     000     0
0.22uF /10V/ 0201   C34                 GRM033D70J224ME01D  000     000     0
0.22uF /10V/ 0201   C35                 GRM033D70J224ME01D  000     000     0
0.22uF /10V/ 0201   C38                 GRM033D70J224ME01D  000     000     0
0.22uF /10V/ 0201   C39                 GRM033D70J224ME01D  000     000     0
0.22uF /10V/ 0201   C6                  GRM033D70J224ME01D  000     000     0
0.22uF /10V/ 0201   C76                 GRM033D70J224ME01D  000     000     0
0.22uF /10V/ 0201   C77                 GRM033D70J224ME01D  000     000     0
0.22uF /10V/ 0201   C78                 GRM033D70J224ME01D  000     000     0
0.22uF /10V/ 0201   C79                 GRM033D70J224ME01D  000     000     0
0.22uF /10V/ 0201   C8                  GRM033D70J224ME01D  000     000     0
0.22uF /10V/ 0201   C81                 GRM033D70J224ME01D  000     000     0
0.22uF /10V/ 0201   C82                 GRM033D70J224ME01D  000     000     0
0.22uF /10V/ 0201   C83                 GRM033D70J224ME01D  000     000     0
0.22uF /10V/ 0201   C84                 GRM033D70J224ME01D  000     000     0
0.22uF /10V/ 0201   C89                 GRM033D70J224ME01D  000     000     0
0.22uF /10V/ 0201   C9                  GRM033D70J224ME01D  000     000     0
0.22uF /10V/ 0201   C90                 GRM033D70J224ME01D  000     000     0
0.22uF /10V/ 0201   C91                 GRM033D70J224ME01D  000     000     0
0.22uF /10V/ 0201   C92                 GRM033D70J224ME01D  000     000     0
0.22uF /10V/ 0201   C94                 GRM033D70J224ME01D  000     000     0
0.22uF /10V/ 0201   C95                 GRM033D70J224ME01D  000     000     0
0.22uF /10V/ 0201   C96                 GRM033D70J224ME01D  000     000     0
0.22uF /10V/ 0201   C97                 GRM033D70J224ME01D  000     000     0
0.47UH              L1                  IND_SPH2520         000     000     0
0.47UH              L2                  IND_SPH2520         000     000     0
0.47UH              L3                  IND_SPH2520         000     000     0
0.47UH              L4                  IND_SPH2520         000     000     0
0.47UH              L5                  IND_SPH2520         000     000     0
0.47UH              L6                  IND_SPH2520         000     000     0
100K /0201          R1                  ERJ1GJJ2R4C         000     000     0
100K /0201          R2                  ERJ1GJJ2R4C         000     000     0
100K /0201          R3                  ERJ1GJJ2R4C         000     000     0
100K /0201          R4                  ERJ1GJJ2R4C         000     000     0
100K /0201          R6                  ERJ1GJJ2R4C         000     000     0
10K Ohm             R20                 RESC1005X40N        000     000     0
10K Ohm             R21                 RESC1005X40N        000     000     0
10K Ohm             R22                 RESC1005X40N        000     000     0
10K Ohm             R23                 RESC1005X40N        000     000     0
10K Ohm             R24                 RESC1005X40N        000     000     0
10K Ohm             R25                 RESC1005X40N        000     000     0
10K Ohm             R26                 RESC1005X40N        000     000     0
10K Ohm             R27                 RESC1005X40N        000     000     0
10K Ohm             R28                 RESC1005X40N        000     000     0
10K Ohm             R29                 RESC1005X40N        000     000     0
10uF /6.3V/ 0402    C1                  CAPC1005X65N        000     000     0
10uF /6.3V/ 0402    C100                CAPC1005X65N        000     000     0
10uF /6.3V/ 0402    C101                CAPC1005X65N        000     000     0
10uF /6.3V/ 0402    C14                 CAPC1005X65N        000     000     0
10uF /6.3V/ 0402    C15                 CAPC1005X65N        000     000     0
10uF /6.3V/ 0402    C16                 CAPC1005X65N        000     000     0
10uF /6.3V/ 0402    C33                 CAPC1005X65N        000     000     0
10uF /6.3V/ 0402    C36                 CAPC1005X65N        000     000     0
10uF /6.3V/ 0402    C37                 CAPC1005X65N        000     000     0
10uF /6.3V/ 0402    C4                  CAPC1005X65N        000     000     0
10uF /6.3V/ 0402    C5                  CAPC1005X65N        000     000     0
10uF /6.3V/ 0402    C51                 CAPC1005X65N        000     000     0
10uF /6.3V/ 0402    C52                 CAPC1005X65N        000     000     0
10uF /6.3V/ 0402    C55                 CAPC1005X65N        000     000     0
10uF /6.3V/ 0402    C59                 CAPC1005X65N        000     000     0
10uF /6.3V/ 0402    C85                 CAPC1005X65N        000     000     0
10uF /6.3V/ 0402    C86                 CAPC1005X65N        000     000     0
10uF /6.3V/ 0402    C87                 CAPC1005X65N        000     000     0
10uF /6.3V/ 0402    C88                 CAPC1005X65N        000     000     0
10uF /6.3V/ 0402    C98                 CAPC1005X65N        000     000     0
10uF /6.3V/ 0402    C99                 CAPC1005X65N        000     000     0
12pF                C48                 CAPC0603X33N        000     000     0
12pF                C49                 CAPC0603X33N        000     000     0
18pF                C69                 CAPC0603X33N        000     000     0
18pF                C70                 CAPC0603X33N        000     000     0
1uF /6.3V/ 0201     C17                 GRM033D70J224ME01D  000     000     0
1uF /6.3V/ 0201     C18                 GRM033D70J224ME01D  000     000     0
1uF /6.3V/ 0201     C19                 GRM033D70J224ME01D  000     000     0
1uF /6.3V/ 0201     C40                 GRM033D70J224ME01D  000     000     0
1uF /6.3V/ 0201     C41                 GRM033D70J224ME01D  000     000     0
1uF /6.3V/ 0201     C42                 GRM033D70J224ME01D  000     000     0
1uF /6.3V/ 0201     C43                 GRM033D70J224ME01D  000     000     0
1uF /6.3V/ 0201     C44                 GRM033D70J224ME01D  000     000     0
1uF /6.3V/ 0201     C45                 GRM033D70J224ME01D  000     000     0
1uF /6.3V/ 0201     C47                 GRM033D70J224ME01D  000     000     0
1uF /6.3V/ 0201     C61                 GRM033D70J224ME01D  000     000     0
1uF /6.3V/ 0201     C65                 GRM033D70J224ME01D  000     000     0
1uF /6.3V/ 0201     C66                 GRM033D70J224ME01D  000     000     0
1uF /6.3V/ 0201     C68                 GRM033D70J224ME01D  000     000     0
1uF /6.3V/ 0201     C7                  GRM033D70J224ME01D  000     000     0
1uF /6.3V/ 0201     C72                 GRM033D70J224ME01D  000     000     0
1uF /6.3V/ 0201     C73                 GRM033D70J224ME01D  000     000     0
1X2                 J4                  HDRV2W64P0X254_1X2_ 000     000     0
1X4                 J5                  B4BZRSM4TFLFSN      000     000     0
2.2nF /10V/ 0402    C46                 CAPC1005X70N        000     000     0
2.2nF /10V/ 0402    C71                 CAPC1005X70N        000     000     0
22uF /10V/ 0603     C23                 GRM18x              000     000     0
22uF /10V/ 0603     C24                 GRM18x              000     000     0
22uF /10V/ 0603     C25                 GRM18x              000     000     0
22uF /10V/ 0603     C26                 GRM18x              000     000     0
22uF /10V/ 0603     C27                 GRM18x              000     000     0
22uF /10V/ 0603     C28                 GRM18x              000     000     0
22uF /10V/ 0603     C29                 GRM18x              000     000     0
22uF /10V/ 0603     C50                 GRM18x              000     000     0
22uF /10V/ 0603     C53                 GRM18x              000     000     0
22uF /10V/ 0603     C54                 GRM18x              000     000     0
22uF /10V/ 0603     C56                 GRM18x              000     000     0
22uF /10V/ 0603     C57                 GRM18x              000     000     0
22uF /10V/ 0603     C60                 GRM18x              000     000     0
22uF /10V/ 0603     C63                 GRM18x              000     000     0
22uF /10V/ 0603     C64                 GRM18x              000     000     0
240 ohm             R17                 RESC0603X26N        000     000     0
240 ohm             R18                 RESC0603X26N        000     000     0
240 ohm             R19                 RESC0603X26N        000     000     0
240 ohm             R7                  RESC0603X26N        000     000     0
32EP16              U3                  BGA144C40P19X21_800 000     000     0
4.7uF /10V/ 0402    C10                 CAPC1005X70N        000     000     0
4.7uF /10V/ 0402    C106                CAPC1005X70N        000     000     0
4.7uF /10V/ 0402    C107                CAPC1005X70N        000     000     0
4.7uF /10V/ 0402    C108                CAPC1005X70N        000     000     0
4.7uF /10V/ 0402    C109                CAPC1005X70N        000     000     0
4.7uF /10V/ 0402    C110                CAPC1005X70N        000     000     0
4.7uF /10V/ 0402    C111                CAPC1005X70N        000     000     0
4.7uF /10V/ 0402    C58                 CAPC1005X70N        000     000     0
4.7uF /10V/ 0402    C62                 CAPC1005X70N        000     000     0
4.7uF /10V/ 0402    C67                 CAPC1005X70N        000     000     0
4.7uF /10V/ 0402    C75                 CAPC1005X70N        000     000     0
4.7uF /10V/ 0402    C80                 CAPC1005X70N        000     000     0
4.7uF /10V/ 0402    C93                 CAPC1005X70N        000     000     0
510k                R5                  ERJ2RKD1004X        000     000     0
598-8070-107F       LED1                5988070107F         000     000     0
598-8070-107F       LED2                5988070107F         000     000     0
ABS07-32.768KHZ-T   Y2                  ABS07               000     000     0
ABS07-32.768KHZ-T   Y3                  ABS07               000     000     0
ADG824BCPZ-REEL7    U4                  ADG824              000     000     0
BMI160              U6                  PQFN50P250X300X88-1 000     000     0
EVP-AF5B70          S1                  EVPAF5B70           000     000     0
GRM0335C1H180JA01D  C74                 CAPC0603X33N        000     000     0
JTAG                J1                  JTAG                000     000     0
JTAG                J2                  JTAG                000     000     0
JTAG                J3                  JTAG                000     000     0
M310220             ANT1                M310220             000     000     0
M310220             ANT2                M310220             000     000     0
M310220             ANT3                M310220             000     000     0
M310220             ANT4                M310220             000     000     0
MAX98357AETE+       IC1                 QFN50P300X300X80-17 000     000     0
MCM5M120M6F1        CAM1                MCM5M120M6F1        000     000     0
MIMX8MN5CVPIZAA     U1                  BGA306C50P21X21_110 000     000     0
PCA9450BHN          U2                  QFN40P700X700X100-5 000     000     0
Speaker-Pad         PAD1                Speaker-Pad         000     000     0
ST0103A2W           K1                  Display             000     000     0
TSX-3225_24.0000MF1 Y1                  TSX3225240000MF15XA 000     000     0
Wifi/BL             U5                  106 BALL WLBGA 3.76 000     000     0
